

--------------------------------------------------
r = 0
--------------------------------------------------

m = 1600

r = -29.9999571405 (+29.4561729012, -4.28595126749e-05)
r = -29.9948722837 (+35.5149141009, -0.00512771632052)
r = 29.9999962334 (+3.76656691259e-06, -28.8296622266)
r = -29.522145796 (+46.6696293277, -0.477854204036)
r = -28.3854606931 (+49.0968405265, -1.61453930689)
r = -29.9999999968 (+40.7213583218, -3.22515703033e-09)
r = 3.82892998247 (+26.1710700175, -33.8289299825)
r = 29.8639769897 (+0.136023010254, -59.8639769897)
r = 21.395021135 (+8.60497886497, -51.395021135)
r = 29.9985878279 (+0.00141217211481, -25.9053248948)
r = 29.9406013056 (+0.0593986944377, -41.2535350888)
r = 29.9905642851 (+0.00943571487464, -42.8149315508)
r = -29.9986895078 (+16.0227772798, -0.00131049217917)
r = -29.9999767205 (+28.7109791133, -2.32794993664e-05)
r = -23.2136109283 (+50.5224115946, -6.78638907175)
r = 16.2367679908 (+13.7632320092, -38.9778869286)
r = 29.9999839825 (+1.60175202879e-05, -24.3313493804)
r = 29.9999957154 (+4.28461400759e-06, -52.8621865896)
r = -3.05336068086 (+33.0533606809, -26.9466393191)
r = 29.9999307234 (+6.92766192145e-05, -12.1699883601)
r = -29.9986948761 (+25.0974648756, -0.00130512392588)
r = -28.3596251244 (+49.6552897363, -1.64037487564)
r = 29.9999942044 (+5.79555872804e-06, -12.6846696545)
r = -29.9999940031 (+15.9712138627, -5.99691304615e-06)
r = -29.9999948829 (+24.4334060288, -5.11712064011e-06)
r = -29.9999243847 (+24.8765652766, -7.56153228707e-05)
r = 19.1851013274 (+10.8148986726, -42.2963718839)
r = 29.9999142538 (+8.57462429025e-05, -23.5256969745)
r = 10.9094071707 (+19.0905928293, -40.9094071707)
r = -25.9322037186 (+43.3721513177, -4.06779628142)
r = 22.359056505 (+7.64094349499, -51.9963371801)
r = -29.9913346006 (+51.4140290379, -0.00866539944024)
r = -18.0109198803 (+48.0109198803, -11.9890801197)
r = -29.6886082527 (+47.1736010307, -0.311391747329)
r = 6.64143040962 (+23.3585695904, -36.6414304096)
r = -29.549821367 (+23.3585695904, -36.6414304096)
r = -11.1786812738 (+41.1786812738, -18.8213187262)
r = -29.9996952412 (+43.1764851501, -0.000304758829117)
r = 11.4030565878 (+18.5969434122, -39.517962727)
r = -29.9770487966 (+59.1331349867, -0.0229512033902)
r = -29.9999716336 (+46.4798120511, -2.83664413132e-05)
r = -29.9999287566 (+22.1593455437, -7.12434264791e-05)
r = -29.9998680847 (+15.3655899905, -0.000131915324914)
r = 19.6464994809 (+10.3535005191, -46.7657508575)
r = -8.8043044734 (+38.8043044734, -21.1956955266)
r = -16.2577396792 (+46.2577396792, -13.7422603208)
r = -29.9991156179 (+59.9991156179, -0.000884382065987)
r = 29.995356784 (+0.00464321598141, -33.9544765972)
r = -28.1549568052 (+54.2212701513, -1.84504319476)
r = 29.9989633265 (+0.00103667353906, -36.9464206276)
r = -4.59157797442 (+34.5915779744, -25.4084220256)
r = 29.9999388408 (+6.11592478634e-05, -13.2661940243)
r = -2.5260243686 (+32.5260243686, -27.4739756314)
r = 29.999654214 (+0.000345786012382, -23.9829711198)
r = 22.6300101737 (+7.36998982625, -52.6300101737)
r = 14.776858781 (+15.223141219, -44.776858781)
r = 10.8341937028 (+19.1658062972, -40.8341937028)
r = -7.72215717637 (+37.7221571764, -22.2778428236)
r = 29.99945078 (+0.000549220012587, -31.7450837886)
r = -29.9999297147 (+28.7913162861, -7.02853281922e-05)
r = 29.9999927537 (+7.24627335558e-06, -30.7305118859)
r = 29.9992175113 (+0.000782488686163, -31.8343331363)
r = -29.9889999795 (+45.4775673108, -0.0110000204798)
r = -28.1068883608 (+49.1292112755, -1.8931116392)
r = 29.9998112636 (+0.000188736420398, -20.7232123254)
r = 0.236548961075 (+29.7634510389, -30.2365489611)
r = 29.945516564 (+0.0544834359609, -47.2747701268)
r = 17.4070849892 (+12.5929150108, -47.4070849892)
r = 29.9991524541 (+0.000847545934093, -50.4047777511)
r = 19.3152925992 (+10.6847074008, -49.3152925992)
r = 14.7903965664 (+15.2096034336, -44.7903965664)
r = -12.2137164299 (+42.2137164299, -17.7862835701)
r = 9.75836933163 (+20.2416306684, -39.7583693316)
r = 29.9753017687 (+0.024698231303, -54.0459329233)
r = -23.6588343339 (+53.6588343339, -6.34116566614)
r = -13.08055147 (+43.08055147, -16.91944853)
r = 28.6266534904 (+1.37334650957, -50.0289286147)
r = -29.999968089 (+38.1657699231, -3.19110021891e-05)
r = 29.9999206164 (+7.93835811308e-05, -30.7722144487)
r = 29.9998675216 (+0.000132478447533, -22.8623863689)
r = -29.999904984 (+16.4316409709, -9.50160220157e-05)
r = -29.9918822999 (+43.4718070166, -0.0081177000768)
r = -29.999889757 (+22.4787085289, -0.000110242998534)
r = -9.73756098529 (+39.7375609853, -20.2624390147)
r = 29.9960575185 (+0.00394248145986, -53.8904649023)
r = -29.9999986296 (+53.2174086469, -1.37040293069e-06)
r = -26.2156809031 (+53.2174086469, -1.37040293069e-06)
r = 24.2777598204 (+5.72224017957, -45.8035215122)
r = 29.9896474281 (+0.0103525718848, -43.7169053504)
r = 29.9999537677 (+4.62322876018e-05, -28.5439275454)
r = -6.39787693665 (+36.3978769367, -23.6021230633)
r = 29.9996507182 (+0.000349281796353, -39.6891993129)
r = 29.9982809606 (+0.00171903944313, -49.5712697882)
r = -29.9994255832 (+44.2224191388, -0.000574416792748)
r = 26.6295801839 (+3.37041981615, -38.6871834088)
r = -14.8829024224 (+44.8829024224, -15.1170975776)
r = 29.9993872962 (+0.000612703800456, -25.1021141123)
r = -1.43727362871 (+31.4372736287, -28.5627263713)
r = -29.9973860671 (+21.9964387401, -0.00261393290705)
r = -9.68147593147 (+39.6814759315, -20.3185240685)
r = -29.9976393068 (+36.2602425417, -0.00236069324635)
r = -7.75405137285 (+37.7540513728, -22.2459486272)
r = -29.9999330635 (+29.5808941964, -6.69364880075e-05)
r = 29.9999988122 (+1.18780910441e-06, -15.2640383774)
r = -15.8937283283 (+45.8937283283, -14.1062716717)
r = -29.9995972129 (+31.1492516634, -0.000402787147653)
r = -29.9997347713 (+38.8479946785, -0.000265228675008)
r = -4.38795956252 (+34.3879595625, -25.6120404375)
r = 6.86782598948 (+23.1321740105, -36.8678259895)
r = 29.9999867214 (+1.32786077671e-05, -23.9447836678)
r = -29.9999989768 (+22.1001439178, -1.02321607187e-06)
r = -29.5054746488 (+22.1001439178, -1.02321607187e-06)
r = -29.6942146397 (+59.6942146397, -0.305785360286)
r = -12.4895191197 (+42.4895191197, -17.5104808803)
r = 21.6103748982 (+8.3896251018, -42.6694942955)
r = -29.9998986534 (+21.9274286875, -0.000101346637212)
r = -29.9991023861 (+56.1974331931, -0.000897613879712)
r = 29.9975894786 (+0.00241052136077, -36.7279259699)
r = 29.9996801826 (+0.000319817447178, -22.0209805184)
r = -10.4425859788 (+40.4425859788, -19.5574140212)
r = -29.9988372883 (+21.2484976452, -0.00116271173729)
r = -22.7543731586 (+40.2026048567, -7.24562684145)
r = -29.9999947254 (+32.0828382837, -5.2746136312e-06)
r = -29.9975275202 (+37.7660194469, -0.00247247977217)
r = -29.999653461 (+29.9756400663, -0.000346539004411)
r = 6.11458888652 (+23.8854111135, -36.1145888865)
r = -29.9830042883 (+23.8854111135, -36.1145888865)
r = 29.7198754534 (+0.280124546647, -59.7198754534)
r = 29.9997421054 (+0.000257894644989, -22.4296666364)
r = -7.25425235056 (+37.2542523506, -22.7457476494)
r = 0.687019180315 (+29.3129808197, -30.6870191803)
r = 29.6693782083 (+0.330621791653, -59.7214183334)
r = 29.9996937415 (+0.000306258478048, -22.5175154437)
r = 29.9973059305 (+0.00269406953488, -43.3268431615)
r = -29.9960145729 (+36.9111881883, -0.00398542709173)
r = -29.9970042977 (+36.9111881883, -0.00398542709173)
r = -29.999930814 (+18.8338061744, -6.91860475541e-05)
r = -29.999990351 (+13.4684243315, -9.6490072039e-06)
r = 29.9615375049 (+0.0384624950915, -42.2210738288)
r = -29.9661919897 (+59.4523874777, -0.0338080102753)
r = 3.23765962364 (+26.7623403764, -33.2376596236)
r = -29.9998021428 (+16.8818736238, -0.000197857241243)
r = -19.4984747653 (+46.9730297661, -10.5015252347)
r = -29.8244695077 (+46.9730297661, -10.5015252347)
r = 29.9999920063 (+7.99368869764e-06, -43.2472095409)
r = -29.9992322024 (+30.7535695906, -0.000767797619837)
r = -29.9900527585 (+48.6387691374, -0.00994724147486)
r = 29.9999403544 (+5.96456288733e-05, -20.5619489148)
r = 29.9999193633 (+8.06367335571e-05, -22.7245460509)
r = 29.9993530068 (+0.000646993182052, -35.1522586118)
r = -29.9997860065 (+37.1875246679, -0.000213993492327)
r = 29.9934064157 (+0.00659358425327, -41.2599564603)
r = 3.64917393245 (+26.3508260676, -33.6491739324)
r = 15.5647307533 (+14.4352692467, -37.5983048622)
r = -2.39183505947 (+14.4352692467, -37.5983048622)
r = 29.9874929597 (+0.012507040312, -45.6973907754)
r = -29.9998519272 (+18.2308978802, -0.000148072762258)
r = -29.9999886609 (+30.2478241109, -1.13390868499e-05)
r = 0.65833206239 (+29.3416679376, -30.6583320624)
r = 20.5140847901 (+9.48591520995, -49.6300301505)
r = -14.0286336547 (+44.0286336547, -15.9713663453)
r = 9.02803540396 (+20.971964596, -39.028035404)
r = -27.6074973748 (+57.6074973748, -2.39250262522)
r = -19.8574781259 (+49.8574781259, -10.1425218741)
r = -29.9917210683 (+58.186879217, -0.0082789316922)
r = -29.9992102057 (+37.1219377599, -0.00078979425918)
r = 29.9919671419 (+0.00803285807284, -38.5095118606)
r = -29.9603310472 (+58.359783097, -0.0396689528392)
r = -29.9955808047 (+50.2951577267, -0.00441919528409)
r = 29.9979395631 (+0.00206043689951, -51.5747895638)
r = 29.6704953305 (+0.329504669464, -47.6668075772)
r = -29.9998938853 (+22.5096613705, -0.000106114650894)
r = -29.5755064067 (+42.1152340342, -0.424493593276)
r = 29.9998227096 (+0.000177290416026, -41.307459614)
r = -28.0727497457 (+53.0140010947, -1.92725025425)
r = 13.6100534333 (+16.3899465667, -43.6100534333)
r = 29.9992746285 (+0.000725371500877, -36.0403889185)
r = 29.9989926634 (+0.00100733661552, -46.2280430756)
r = 29.9990313404 (+0.000968659568052, -25.6890930947)
r = 29.9999833281 (+1.66718901085e-05, -32.8298360715)
r = 29.9975399309 (+0.00246006914406, -41.7613991044)
r = 29.9999962168 (+3.78321773553e-06, -19.316314335)
r = -18.7199869371 (+48.7199869371, -11.2800130629)
r = 29.9995199975 (+0.000480002456449, -49.3162755737)
r = 29.9955786569 (+0.00442134313327, -47.7324960922)
r = 2.44221297981 (+27.5577870202, -32.4422129798)
r = 29.9999671694 (+3.28305558099e-05, -32.6107230116)
r = -29.9990172105 (+39.8051504957, -0.000982789546505)
r = -29.8298132515 (+44.9468326541, -0.17018674851)
r = 22.3054714193 (+7.6945285807, -38.9075519649)
r = 18.0034354906 (+11.9965645094, -34.6443843594)
r = -11.9634921941 (+41.9634921941, -18.0365078059)
r = -29.9556740968 (+56.1468085595, -0.0443259031872)
r = -29.9117847667 (+59.9117847667, -0.0882152333366)
r = -23.1473881578 (+53.1473881578, -6.85261184215)
r = -0.934438037594 (+30.9344380376, -29.0655619624)
r = -29.9999671259 (+24.3890152377, -3.2874082315e-05)
r = -16.7416515026 (+46.7416515026, -13.2583484974)
r = -29.9990714006 (+36.5870306737, -0.000928599378955)
r = 29.9999981346 (+1.86540830782e-06, -17.3159353416)
r = -29.9997676355 (+53.371087894, -0.000232364490891)
r = -29.9947171471 (+45.9579330331, -0.00528285289621)
r = 29.9999993199 (+6.80129453201e-07, -13.3795277279)
r = -25.4104891408 (+6.80129453201e-07, -13.3795277279)
r = -29.9999276692 (+22.5534278089, -7.23307588828e-05)
r = -29.9460874702 (+45.2201150829, -0.0539125297571)
r = 29.9978162699 (+0.00218373010584, -34.1112972635)
r = -29.9971269748 (+55.0749943439, --0.0607759352813)
r = -6.4781540911 (+36.4781540911, -23.5218459089)
r = -29.8941728006 (+53.7946343653, -0.105827199402)
r = -29.9999888049 (+23.751903373, -1.11950699093e-05)
r = -29.996343237 (+52.704033023, -0.00365676297221)
r = -29.9657317067 (+59.9657317067, -0.0342682933087)
r = 12.6677197086 (+17.3322802914, -42.6677197086)
r = 29.9882439812 (+0.0117560187731, -55.7015857891)
r = -14.1681163424 (+44.1681163424, -15.8318836576)
r = -29.9990711993 (+43.1470417782, -0.000928800688744)
r = 29.7109456751 (+0.289054324862, -47.9210550087)
r = 22.5653024169 (+7.43469758313, -47.7438046399)
r = -29.9987823303 (+39.3718835992, -0.00121766974892)
r = -29.9999918963 (+35.9079716745, -8.10371695081e-06)
r = 29.9742381116 (+0.0257618883885, -59.9742381116)
r = 7.54270443038 (+22.4572955696, -37.5427044304)
r = -29.9999919914 (+26.46009656, -8.00857510086e-06)
r = 2.20009768325 (+27.7999023167, -32.2000976833)
r = 29.9983214338 (+0.00167856615912, -27.9605007265)
r = 29.9998699265 (+0.000130073494013, -23.1081460882)
r = -29.999953231 (+45.9491222653, -4.67689879642e-05)
r = -26.0063611058 (+56.0063611058, -3.9936388942)
r = 29.9999948629 (+5.13710539707e-06, -25.704477058)
r = 29.999970668 (+2.93320171991e-05, -8.41499056748)
r = 29.9998238745 (+0.000176125487549, -57.16003406)
r = 12.1252572897 (+17.8747427103, -42.1252572897)
r = 20.1892388865 (+9.81076111353, -49.9053324065)
r = -29.9734575168 (+9.81076111353, -49.9053324065)
r = -29.9975999039 (+39.721741641, -0.00240009614335)
r = 6.19301796087 (+23.8069820391, -36.1930179609)
r = -29.9998183756 (+35.892129427, -0.000181624445077)
r = 29.9999780781 (+2.19218588313e-05, -15.8728899033)
r = 20.8022359272 (+9.19776407276, -50.8022359272)
r = 18.5497378293 (+11.4502621707, -45.4107199035)
r = -29.9947904451 (+55.059605589, -0.00520955490356)
r = -29.9999996969 (+20.301375376, -3.03113885991e-07)
r = 29.9999383551 (+6.16449319608e-05, -16.1989133233)
r = 15.1869496552 (+14.8130503448, -45.1869496552)
r = -29.9998849956 (+34.8547245769, -0.00011500440306)
r = 21.6140669447 (+8.38593305531, -51.6140669447)
r = -29.9997625928 (+34.7534379673, -0.000237407178847)
r = -0.237173204562 (+30.2371732046, -29.7628267954)
r = 29.9999610357 (+39.0396341301, -59.9999610357)
r = 6.08696703994 (+23.9130329601, -36.0869670399)
r = 29.9988024656 (+0.00119753436621, -41.7944358497)
r = 0.384309500373 (+29.6156904996, -30.3843095004)
r = 27.8455288908 (+2.15447110922, -45.9638334157)
r = -24.9103844998 (+49.0157933142, -5.08961550016)
r = 29.9977753151 (+0.00222468491911, -37.1401789131)
r = -15.7540116444 (+45.7540116444, -14.2459883556)
r = 29.9998235173 (+0.000176482717087, -55.9957454522)
r = -29.999921482 (+10.9480280954, -7.85180299516e-05)
r = 29.9981898853 (+0.00181011469772, -53.0870398672)
r = -0.110189634433 (+30.1101896344, -29.8898103656)
r = -29.9933846769 (+32.1214523378, -0.00661532307887)
r = 29.9977945671 (+0.00220543289395, -32.927645028)
r = -28.2879663416 (+58.3161456579, -1.71203365838)
r = 15.1678450848 (+14.8321549152, -45.1678450848)
r = 29.8450314928 (+14.8321549152, -45.1678450848)
r = 29.9999652208 (+3.47791780584e-05, -19.7212285187)
r = 29.9997740354 (+0.000225964637004, -23.63729613)
r = 9.21217634095 (+20.7878236591, -39.2121763409)
r = 29.9985575852 (+0.00144241475363, -44.1616537425)
r = 26.7109128321 (+3.28908716787, -47.7260662984)
r = -11.6853492895 (+41.6853492895, -18.3146507105)
r = -20.1215323489 (+50.1215323489, -9.87846765115)
r = 7.79624746597 (+22.203752534, -37.796247466)
r = 19.8463325685 (+10.1536674315, -44.6446008871)
r = 16.3456678151 (+13.6543321849, -46.3456678151)
r = -29.9997507556 (+53.4842181986, -0.000249244365271)
r = -29.9343172537 (+52.4362005891, -0.0656827462958)
r = -1.33262627947 (+31.3326262795, -28.6673737205)
r = 29.8698503722 (+0.130149627752, -39.9153907991)
r = -14.6829965905 (+44.6829965905, -15.3170034095)
r = 29.9999881916 (+1.18083513527e-05, -28.5584120694)
r = -29.999974863 (+15.3232731111, -2.51370289241e-05)
r = 29.9999742318 (+2.57681509694e-05, -12.9340998974)
r = -29.999998196 (+18.2419638866, -1.80396446936e-06)
r = 29.9998260435 (+0.000173956456202, -35.7269712473)
r = -29.9999842909 (+19.6902149269, -1.57091029429e-05)
r = -3.62455365455 (+33.6245536546, -26.3754463454)
r = -6.64386716248 (+36.6438671625, -23.3561328375)
r = -29.9994331908 (+51.3046176047, -0.000566809205985)
r = -29.9999673292 (+36.3122936947, -3.26707714677e-05)
r = 29.998962686 (+0.00103731395255, -31.231376317)
r = 29.9999453306 (+5.46694378301e-05, -18.9583506963)
r = -29.3011770339 (+50.464088398, -0.698822966069)
r = -29.99899385 (+12.4171307339, -0.00100615004221)
r = 4.39586252165 (+25.6041374784, -34.3958625216)
r = 29.9999580274 (+4.19725584848e-05, -26.4488334641)
r = 29.7893773777 (+0.210622622274, -57.6618398335)
r = -29.9999744501 (+26.3206821749, -2.55498640129e-05)
r = -15.4144998694 (+45.4144998694, -14.5855001306)
r = -29.9996282843 (+31.3562765945, -0.000371715713811)
r = 28.1483373568 (+1.8516626432, -58.1483373568)
r = 29.9992679851 (+0.000732014914938, -30.0213814875)
r = 29.3496414409 (+0.000732014914938, -30.0213814875)
r = -5.08283902567 (+35.0828390257, -24.9171609743)
r = -29.9999934261 (+17.3112404672, -6.57387050751e-06)
r = -29.9999190416 (+20.9749188314, -8.09584194741e-05)
r = 29.9998414295 (+0.000158570507111, -26.0042653915)
r = -29.5557162691 (+59.5557162691, -0.444283730926)
r = 10.3712208734 (+19.6287791266, -40.3712208734)
r = -10.8752256594 (+40.8752256594, -19.1247743406)
r = -29.9993544234 (+26.6055331702, -0.000645576611262)
r = 29.9978079624 (+0.00219203758147, -32.9903088506)
r = 29.9999627962 (+3.72038208667e-05, -16.9484499183)
r = 2.43856084359 (+27.5614391564, -32.4385608436)
r = 29.9977865381 (+0.00221346191323, -26.1179912897)
r = 24.7086387792 (+5.29136122077, -54.7086387792)
r = 29.9559072484 (+0.0440927516236, -49.6017970477)
r = -12.4992345618 (+42.4992345618, -17.5007654382)
r = 29.9999989189 (+1.08107310126e-06, -14.1359932273)
r = 8.0964594525 (+21.9035405475, -38.0964594525)
r = 29.999972833 (+2.71669887368e-05, -25.1534830233)
r = -29.999996902 (+20.83280858, -3.09801420073e-06)
r = -29.9998487354 (+14.679221799, -0.000151264605631)
r = -29.9999510675 (+18.3729025984, -4.89325104454e-05)
r = 14.5575722556 (+15.4424277444, -44.5575722556)
r = -29.99999068 (+18.615959328, -9.32002543408e-06)
r = -29.9924636008 (+40.8498581308, -0.00753639922867)
r = 29.9859989285 (+0.0140010714706, -57.20044952)
r = 29.9965473759 (+0.00345262413668, -43.7267556227)
r = 16.5944378245 (+13.4055621755, -46.5944378245)
r = 29.9999665687 (+3.34312592827e-05, -10.7481233821)
r = -29.9686663214 (+42.6961712776, -0.0313336786001)
r = -4.56344965294 (+34.5634496529, -25.4365503471)
r = -29.9646641052 (+59.9646641052, -0.0353358948241)
r = -29.9995620446 (+30.4650130205, -0.000437955437569)
r = 29.9999825906 (+1.74093558201e-05, -21.2937407103)
r = -21.7892021794 (+49.6424265401, -8.21079782061)
r = -29.9996597404 (+21.9138402998, -0.000340259641217)
r = -29.9998803885 (+15.4721269485, -0.000119611501237)
r = -29.9998853787 (+24.7841169511, -0.000114621316925)
r = 18.8548008273 (+11.1451991727, -48.3391431782)
r = -29.3332424298 (+59.1735281565, -0.666757570225)
r = -29.9962892468 (+31.1173208999, -0.00371075319361)
r = -29.9999984539 (+17.3245794608, -1.54614560799e-06)
r = 7.16841301048 (+22.8315869895, -37.1684130105)
r = 29.9996817261 (+0.000318273935392, -51.5134085538)
r = 29.9983509923 (+0.00164900767459, -44.6869711815)
r = 1.8962271432 (+28.1037728568, -31.8962271432)
r = -9.05347615964 (+39.0534761596, -20.9465238404)
r = 8.59229527098 (+21.407704729, -38.592295271)
r = -29.9999717506 (+34.9139647231, -2.82494456627e-05)
r = 0.815688947499 (+29.1843110525, -30.8156889475)
r = 5.25409322105 (+24.7459067789, -35.2540932211)
r = -5.85975003858 (+35.8597500386, -24.1402499614)
r = -29.9996662058 (+35.5038916809, -0.000333794247641)
r = -29.9960172914 (+42.5177286476, -0.0039827086202)
r = 29.9996423517 (+0.00035764825914, -24.7670608041)
r = 23.4608525505 (+6.53914744955, -53.4608525505)
r = 29.9999780758 (+2.1924241004e-05, -13.1163343106)
r = 12.7925604869 (+17.2074395131, -42.3453176098)
r = -6.3382047697 (+36.3382047697, -23.6617952303)
r = -29.9999552966 (+29.9498654379, -4.4703361894e-05)
r = 29.9999794242 (+2.05757843617e-05, -53.7482613152)
r = 29.9996929739 (+0.00030702613374, -35.8566708505)
r = 2.8177334718 (+27.1822665282, -32.8177334718)
r = -29.2823889199 (+27.1822665282, -32.8177334718)
r = -18.8928278065 (+48.8928278065, -11.1071721935)
r = 29.9994020052 (+0.000597994787917, -25.0394212466)
r = 29.9996216558 (+0.000378344164787, -32.1579731674)
r = -3.35763773403 (+33.357637734, -26.642362266)
r = -29.9984810879 (+34.827009302, -0.00151891213894)
r = 29.9848823247 (+0.015117675268, -32.219112685)
r = -29.93721128 (+45.3252203034, -0.0627887200355)
r = -29.9949089424 (+44.1618076397, -0.00509105761215)
r = 29.9999953083 (+4.69165637185e-06, -32.1304646075)
r = -2.75890284895 (+32.758902849, -27.241097151)
r = 29.9263232544 (+32.758902849, -27.241097151)
r = -17.1658442898 (+43.9121934472, -12.8341557102)
r = 27.9734284678 (+2.02657153221, -47.6189891551)
r = 29.9999992577 (+7.42325667602e-07, -16.5024625108)
r = 29.9997829118 (+0.000217088194091, -25.1078664696)
r = -29.9999830234 (+43.4463349971, -1.69765521676e-05)
r = -29.9994918752 (+32.4952138258, -0.000508124789647)
r = 29.998837433 (+0.00116256700067, -35.937314802)
r = -29.9999998709 (+14.223341958, -1.29144794414e-07)
r = 29.9999909304 (+9.06959846247e-06, -15.0463866781)
r = -17.9213506315 (+47.9213506315, -12.0786493685)
r = 29.9998577495 (+0.000142250537309, -14.960567096)
r = 28.5550327309 (+1.44496726909, -58.5550327309)
r = -7.07323208043 (+37.0732320804, -22.9267679196)
r = 29.9993443786 (+0.000655621350219, -29.174751191)
r = -28.8985271641 (+58.4668886648, -1.10147283594)
r = 15.1915415135 (+14.8084584865, -45.1915415135)
r = -29.9996291664 (+59.9996291664, -0.000370833575467)
r = 29.9437085413 (+0.0562914587105, -46.8693972399)
r = 29.9998294445 (+0.000170555460357, -20.8661122481)
r = 18.6994022077 (+11.3005977923, -48.6994022077)
r = -29.9011786708 (+44.3045742366, -0.0988213291749)
r = -4.699361713 (+34.699361713, -25.300638287)
r = -28.0284268396 (+0.0, -0.0)
r = 29.9999927564 (+7.24360648974e-06, -15.5708736589)
r = -29.9484689919 (+50.4308374573, -0.0515310081003)
r = 29.9596600483 (+0.0403399517093, -46.9905737023)
r = 25.5771523729 (+4.42284762707, -55.7608383742)
r = 5.32128749872 (+24.6787125013, -35.3212874987)
r = -29.9999778156 (+46.0560450958, -2.21844486674e-05)
r = 29.9996886782 (+0.000311321829834, -28.6063335886)
r = -23.6438014807 (+43.7571670126, -6.35619851925)
r = -29.9998199716 (+42.812198758, -0.000180028446884)
r = -15.8055975907 (+45.8055975907, -14.1944024093)
r = 29.9884376917 (+0.0115623083487, -42.2410782826)
r = 29.8505240692 (+0.149475930753, -40.8214873858)
r = 29.9738111706 (+0.0261888293919, -59.9738111706)
r = 29.9999340272 (+6.5972793557e-05, -31.379904057)
r = -29.9645595449 (+52.5532228948, -0.0354404551286)
r = -29.9999954681 (+33.8560372877, -4.53192392769e-06)
r = 29.9904090353 (+0.00959096467388, -57.1013261241)
r = 29.9999050159 (+9.49841182418e-05, -24.3049488594)
r = -29.9951872712 (+48.1585439304, -0.00481272884195)
r = 29.9999855057 (+1.44943113725e-05, -18.9650724285)
r = -29.9986602641 (+34.896013166, -0.00133973592194)
r = 29.9980977719 (+0.00190222805546, -28.4307895775)
r = -29.9999664908 (+11.3858929712, -3.35092227388e-05)
r = 29.9999740984 (+2.59016201412e-05, -45.2166028564)
r = -29.9727273846 (+59.3062273863, -0.0272726154076)
r = -18.402342048 (+43.2869957874, -11.597657952)
r = 29.9999441706 (+5.58294331725e-05, -21.9013697274)
r = -29.9982218832 (+47.8503737045, -0.00177811683094)
r = 10.7681466921 (+19.2318533079, -40.7681466921)
r = 29.9996408893 (+0.000359110727118, -32.5844391793)
r = 29.7306232267 (+0.269376773348, -49.9675797355)
r = -29.9999238184 (+14.4275092871, -7.61815521777e-05)
r = 29.9951772413 (+0.00482275865145, -37.5933778511)
r = 0.0979472119558 (+29.902052788, -30.097947212)
r = -29.9972267444 (+59.8734804479, -0.00277325563537)
r = -29.9222198034 (+59.8734804479, -0.00277325563537)
r = 10.7222422837 (+19.2777577163, -40.7222422837)
r = 7.42893253874 (+22.5710674613, -37.4289325387)
r = 29.9998408744 (+0.000159125554759, -17.5106087113)
r = -29.2094924813 (+53.1839419059, -0.790507518712)
r = 29.9963737391 (+0.0036262608687, -42.6908053405)
r = 29.9994845908 (+0.000515409225763, -52.319443077)
r = -29.9729115322 (+46.9066328804, -0.0270884677849)
r = -29.9867461772 (+49.0527017699, -0.0132538227957)
r = -3.48568712872 (+33.4856871287, -26.5143128713)
r = -29.9855619881 (+39.569767854, -0.0144380118549)
r = -18.6477806125 (+48.6477806125, -11.3522193875)
r = -29.9738049029 (+39.2698177839, -0.0261950971416)
r = -29.9889895439 (+51.958176662, -0.0110104561126)
r = -29.9999868432 (+11.8741288113, -1.31567585555e-05)
r = -17.608641145 (+47.041789382, -12.391358855)
r = -29.9999999704 (+36.0338291734, -2.9592968076e-08)
r = -2.52054557828 (+32.5205455783, -27.4794544217)
r = -29.9679213708 (+48.2142249495, -0.0320786292272)
r = -29.9999877168 (+46.3854755571, -1.2283161503e-05)
r = -8.91123082158 (+38.9112308216, -21.0887691784)
r = 29.9985099513 (+0.00149004870204, -24.5966778786)
r = -29.4812181982 (+44.1332538048, -0.518781801757)
r = 29.9999491223 (+5.08777210513e-05, -31.5355266889)
r = 29.9999627132 (+3.72867760134e-05, -16.8326360071)
r = -29.9999981238 (+10.9815636015, -1.87619327363e-06)
r = 4.2340402824 (+25.7659597176, -34.2340402824)
r = -22.9837833545 (+52.9837833545, -7.01621664546)
r = 29.9999025422 (+9.74578354516e-05, -38.3260014602)
r = -26.2017199462 (+56.2017199462, -3.79828005384)
r = -14.4146386049 (+44.4146386049, -15.5853613951)
r = 3.97030672879 (+26.0296932712, -33.9703067288)
r = 29.9999203161 (+7.96838914212e-05, -23.6397405073)
r = -29.9006101036 (+49.1082022933, -0.099389896417)
r = -29.99996581 (+41.0960004323, -3.41900384662e-05)
r = -29.999923805 (+23.127679205, -7.61949711361e-05)
r = -5.0145474633 (+35.0145474633, -24.9854525367)
r = 27.3668411172 (+2.63315888284, -57.3668411172)
r = -16.1448515524 (+46.1448515524, -13.8551484476)
r = -22.0705674338 (+50.6112207242, -7.92943256625)
r = 29.9480786053 (+0.0519213947267, -52.498257344)
r = 29.9999985618 (+1.43822749976e-06, -40.1767869878)
r = 17.3748518571 (+12.6251481429, -47.3748518571)
r = 29.9997710925 (+0.00022890752723, -32.9971007751)
r = 0.161394933137 (+29.8386050669, -30.1613949331)
r = 24.0133222744 (+5.98667772559, -54.0133222744)
r = -13.169302499 (+43.169302499, -16.830697501)
r = 29.9994544357 (+0.000545564256704, -30.1548991249)
r = 11.9643545383 (+18.0356454617, -43.629875286)
r = -25.4568314573 (+42.4527681691, -4.5431685427)
r = -29.999717479 (+19.9193941861, -0.000282521046145)
r = 29.9984271986 (+0.00157280142835, -46.7343565104)
r = -29.9930202852 (+57.5745064035, -0.0069797148034)
r = 11.8803476932 (+18.1196523068, -41.8803476932)
r = -29.99993981 (+33.5671348435, -6.01899967947e-05)
r = -29.9999369302 (+33.8601587295, -6.30698387845e-05)
r = 29.9999235149 (+7.64851472539e-05, -39.7154066841)
r = 5.14295522147 (+24.8570447785, -35.1429552215)
r = 29.9966684773 (+0.00333152270021, -35.5736396349)
r = -4.40299612454 (+34.4029961245, -25.5970038755)
r = 19.0300457568 (+10.9699542432, -44.9444062686)
r = 29.9962551586 (+0.00374484139076, -50.5969189497)
r = 29.9878729798 (+0.0121270201645, -53.8465230631)
r = -29.9998827835 (+26.8680790413, -0.000117216519545)
r = 29.3968853981 (+0.60311460187, -43.255533177)
r = -22.2116816694 (+43.5212083266, -7.78831833058)
r = -29.7734855702 (+59.7734855702, -0.226514429818)
r = -3.30408177271 (+33.3040817727, -26.6959182273)
r = 29.9999991947 (+8.05274822824e-07, -10.3824888319)
r = 9.500953131 (+20.499046869, -39.500953131)
r = -29.9998356663 (+32.887706742, -0.000164333727472)
r = -29.999998225 (+18.9021108691, -1.77497639697e-06)
r = -2.30122358462 (+32.3012235846, -27.6987764154)
r = 29.9976002988 (+0.00239970116101, -52.9420740376)
r = -29.9997419623 (+39.5826129567, -0.000258037690124)
r = -0.0878031328569 (+30.0878031329, -29.9121968671)
r = -29.9995810447 (+32.6517319383, -0.000418955340173)
r = 29.9989782836 (+0.00102171644772, -55.9717404466)
r = 19.4072262459 (+10.5927737541, -49.4072262459)
r = 29.9996194386 (+0.000380561432607, -29.7810629858)
r = -29.9999873034 (+28.2865441383, -1.26965660598e-05)
r = -12.9751180344 (+42.9751180344, -17.0248819656)
r = -29.9999435691 (+18.9406677929, -5.64308827329e-05)
r = -1.56959561529 (+31.5695956153, -28.4304043847)
r = 29.9961646394 (+0.00383536062593, -29.6847759878)
r = 29.9992910186 (+0.000708981399143, -21.590927459)
r = 15.8565144889 (+14.1434855111, -45.8565144889)
r = -29.9999989875 (+36.4479889218, -1.01251142226e-06)
r = 26.3759811135 (+3.62401888652, -55.5041837105)
r = -29.9987248163 (+37.9171788489, -0.00127518367608)
r = -29.9999993016 (+21.5408885696, -6.98351694695e-07)
r = -29.9994544897 (+33.0617810218, -0.000545510295041)
r = -29.9958319826 (+39.9021088106, -0.00416801738947)
r = 12.411984704 (+17.588015296, -42.411984704)
r = -29.9999869752 (+29.043723226, -1.30248130468e-05)
r = 29.999854908 (+0.000145091978069, -25.1383587985)
r = 29.9955563374 (+0.00444366259125, -46.6887735914)
r = -29.9998820252 (+23.3862477633, -0.000117974752545)
r = 29.9976679156 (+0.00233208435571, -37.4232220305)
r = -29.9998708925 (+34.8954582854, -0.000129107503568)
r = 6.43187816639 (+23.5681218336, -36.4318781664)
r = 16.2297217657 (+13.7702782343, -46.2297217657)
r = 11.4623607691 (+18.5376392309, -37.4435084833)
r = -29.9997267962 (+33.95121447, -0.000273203812821)
r = 10.765021468 (+19.234978532, -25.5556347714)
r = -29.9998361128 (+12.9630456141, -0.000163887212707)
r = -29.9671400999 (+43.2604728088, -0.0328599001497)
r = 0.265603711757 (+29.7343962882, -30.2656037118)
r = -28.6987022718 (+29.7343962882, -30.2656037118)
r = 29.9998970356 (+0.000102964431221, -41.6692555583)
r = 29.9957642111 (+0.004235788912, -35.8049087778)
r = 29.9999541595 (+4.58404811283e-05, -14.0691236812)
r = 7.38865251658 (+22.6113474834, -37.3886525166)
r = 29.9915976671 (+0.00840233287059, -51.2036551641)
r = 29.9200077169 (+0.0799922831477, -52.0194724076)
r = 5.00046426211 (+24.9995357379, -35.0004642621)
r = -16.2182524873 (+46.2182524873, -13.7817475127)
r = 29.9999788159 (+2.11840743418e-05, -30.4641798849)
r = -29.9999898433 (+49.0130407949, -1.01567216539e-05)
r = 29.999929147 (+7.08530125024e-05, -10.7175950112)
r = 7.55103493044 (+22.4489650696, -37.5510349304)
r = -29.6834072747 (+50.058324073, -0.316592725302)
r = -29.895570259 (+56.6774010435, -0.104429740976)
r = 29.4920426263 (+0.507957373743, -59.4920426263)
r = 9.82910516318 (+20.1708948368, -39.8291051632)
r = 29.9999193955 (+8.06045147499e-05, -44.2695150116)
r = -29.9951186556 (+43.7961052256, -0.00488134435236)
r = -29.9979714147 (+36.9472007177, -0.00202858528596)
r = -3.06331121885 (+33.0633112188, -26.9366887812)
r = -29.9999867989 (+48.2425138407, -1.32010695282e-05)
r = 29.9997859622 (+0.00021403783748, -41.749409218)
r = -29.9998033962 (+42.6241776111, -0.000196603786176)
r = -29.9970466747 (+43.3988768337, -0.00295332527146)
r = -29.9999873342 (+27.5041186382, -1.26658414494e-05)
r = -3.59292079653 (+33.5929207965, -26.4070792035)
r = -29.9979622541 (+41.9996795643, -0.00203774590361)
r = 14.522957611 (+15.477042389, -44.522957611)
r = -13.8696047492 (+43.8696047492, -16.1303952508)
r = 29.9999632476 (+3.67524299136e-05, -37.7290396466)
r = 21.6122318375 (+8.38776816253, -44.100475775)
r = 0.389642182235 (+29.6103578178, -30.3896421822)
r = 29.9991456538 (+0.000854346179629, -51.8639557244)
r = 29.7727736596 (+0.227226340363, -59.7727736596)
r = 14.3491413008 (+15.6508586992, -44.3491413008)
r = 15.6472195024 (+14.3527804976, -45.6472195024)
r = 29.9999768029 (+2.3197100937e-05, -16.3006771682)
r = 29.9905223423 (+0.00947765766661, -51.6996466884)
r = -29.0068304272 (+56.7290178486, -0.993169572817)
r = -29.6056367286 (+30.9645486898, -0.394363271442)
r = -29.9999971156 (+18.8739862707, -2.88437144391e-06)
r = -17.4021168453 (+47.4021168453, -12.5978831547)
r = -29.998865277 (+42.0227144126, -0.00113472302949)
r = -29.9965039253 (+44.6129535997, -0.00349607472526)
r = -29.999961398 (+16.2517395118, -3.86019637588e-05)
r = 29.9999810739 (+1.8926134004e-05, -42.1336413108)
r = -29.9999999502 (+13.571163378, -4.9845212402e-08)
r = 29.9999996292 (+3.70752125889e-07, -28.4025989944)
r = 26.4372730616 (+3.56272693839, -49.9544156752)
r = -28.1819989958 (+3.56272693839, -49.9544156752)
r = 29.9975751888 (+0.00242481120465, -56.02248665)
r = -29.9999998406 (+14.4469493875, -1.59375069586e-07)
r = 29.9955693403 (+0.0044306596584, -38.7508535355)
r = -15.9323736222 (+45.9323736222, -14.0676263778)
r = -12.3054698822 (+42.3054698822, -17.6945301178)
